  [4;36;1mSQL (3.6ms)[0m   [0;1m SELECT name
 FROM sqlite_master
 WHERE type = 'table' AND NOT name = 'sqlite_sequence'
[0m
  [4;35;1mSQL (0.4ms)[0m   [0mselect sqlite_version(*)[0m
  [4;36;1mSQL (32.8ms)[0m   [0;1mCREATE TABLE "schema_migrations" ("version" varchar(255) NOT NULL) [0m
  [4;35;1mSQL (9.8ms)[0m   [0mCREATE UNIQUE INDEX "unique_schema_migrations" ON "schema_migrations" ("version")[0m
  [4;36;1mSQL (0.1ms)[0m   [0;1m SELECT name
 FROM sqlite_master
 WHERE type = 'table' AND NOT name = 'sqlite_sequence'
[0m
  [4;35;1mSQL (0.2ms)[0m   [0mSELECT version FROM schema_migrations[0m
Migrating to CreateBooks (20101028123104)
  [4;36;1mSQL (0.5ms)[0m   [0;1mCREATE TABLE "books" ("id" INTEGER PRIMARY KEY AUTOINCREMENT NOT NULL, "author" varchar(255), "title" varchar(255), "publisher" varchar(255), "dateAdded" datetime, "created_at" datetime, "updated_at" datetime) [0m
  [4;35;1mSQL (0.2ms)[0m   [0mINSERT INTO schema_migrations (version) VALUES ('20101028123104')[0m
  [4;36;1mSQL (0.4ms)[0m   [0;1m SELECT name
 FROM sqlite_master
 WHERE type = 'table' AND NOT name = 'sqlite_sequence'
[0m
  [4;35;1mSQL (0.0ms)[0m   [0mSELECT version FROM schema_migrations[0m
  [4;36;1mSQL (0.1ms)[0m   [0;1m SELECT name
 FROM sqlite_master
 WHERE type = 'table' AND NOT name = 'sqlite_sequence'
[0m
  [4;35;1mSQL (0.1ms)[0m   [0mPRAGMA index_list("books")[0m


Processing BooksController#index (for 127.0.0.1 at 2010-10-28 14:32:22) [GET]
  [4;36;1mBook Load (4.0ms)[0m   [0;1mSELECT * FROM "books" [0m
Rendering template within layouts/books
Rendering books/index
Completed in 56ms (View: 48, DB: 4) | 200 OK [http://127.0.0.1/Books]


Processing BooksController#new (for 127.0.0.1 at 2010-10-28 14:32:27) [GET]
Rendering template within layouts/books
Rendering books/new

ActionView::TemplateError (undefined method `bookId' for #<Book:0xb730f5e0>) on line #8 of app/views/books/new.html.erb:
5: 
6:   <p>
7:     <%= f.label :bookId %><br />
8:     <%= f.text_field :bookId %>
9:   </p>
10:   <p>
11:     <%= f.label :author %><br />

    /usr/lib/ruby/1.8/active_record/attribute_methods.rb:260:in `method_missing'
    /usr/lib/ruby/1.8/action_view/helpers/form_helper.rb:845:in `send'
    /usr/lib/ruby/1.8/action_view/helpers/form_helper.rb:845:in `value_before_type_cast'
    /usr/lib/ruby/1.8/action_view/helpers/form_helper.rb:833:in `value_before_type_cast'
    /usr/lib/ruby/1.8/action_view/helpers/form_helper.rb:754:in `to_input_field_tag'
    /usr/lib/ruby/1.8/action_view/helpers/form_helper.rb:544:in `text_field'
    /usr/lib/ruby/1.8/action_view/helpers/form_helper.rb:953:in `send'
    /usr/lib/ruby/1.8/action_view/helpers/form_helper.rb:953:in `text_field'
    app/views/books/new.html.erb:8
    /usr/lib/ruby/1.8/action_view/helpers/form_helper.rb:499:in `fields_for'
    /usr/lib/ruby/1.8/action_view/helpers/form_helper.rb:282:in `form_for'
    app/views/books/new.html.erb:3
    /usr/lib/ruby/1.8/action_view/renderable.rb:34:in `send'
    /usr/lib/ruby/1.8/action_view/renderable.rb:34:in `render'
    /usr/lib/ruby/1.8/action_view/base.rb:306:in `with_template'
    /usr/lib/ruby/1.8/action_view/renderable.rb:30:in `render'
    /usr/lib/ruby/1.8/action_view/template.rb:205:in `render_template'
    /usr/lib/ruby/1.8/action_view/base.rb:265:in `render'
    /usr/lib/ruby/1.8/action_view/base.rb:348:in `_render_with_layout'
    /usr/lib/ruby/1.8/action_view/base.rb:262:in `render'
    /usr/lib/ruby/1.8/action_controller/base.rb:1250:in `render_for_file'
    /usr/lib/ruby/1.8/action_controller/base.rb:951:in `render_without_benchmark'
    /usr/lib/ruby/1.8/action_controller/benchmarking.rb:51:in `render'
    /usr/lib/ruby/1.8/action_controller/benchmarking.rb:51:in `render'
    /usr/lib/ruby/1.8/action_controller/mime_responds.rb:135:in `send'
    /usr/lib/ruby/1.8/action_controller/mime_responds.rb:135:in `custom'
    /usr/lib/ruby/1.8/action_controller/mime_responds.rb:179:in `call'
    /usr/lib/ruby/1.8/action_controller/mime_responds.rb:179:in `respond'
    /usr/lib/ruby/1.8/action_controller/mime_responds.rb:173:in `each'
    /usr/lib/ruby/1.8/action_controller/mime_responds.rb:173:in `respond'
    /usr/lib/ruby/1.8/action_controller/mime_responds.rb:107:in `respond_to'
    app/controllers/books_controller.rb:29:in `new'
    /usr/lib/ruby/1.8/action_controller/base.rb:1331:in `send'
    /usr/lib/ruby/1.8/action_controller/base.rb:1331:in `perform_action_without_filters'
    /usr/lib/ruby/1.8/action_controller/filters.rb:617:in `call_filters'
    /usr/lib/ruby/1.8/action_controller/filters.rb:610:in `perform_action_without_benchmark'
    /usr/lib/ruby/1.8/action_controller/benchmarking.rb:68:in `perform_action_without_rescue'
    /usr/lib/ruby/1.8/action_controller/benchmarking.rb:68:in `perform_action_without_rescue'
    /usr/lib/ruby/1.8/action_controller/rescue.rb:160:in `perform_action_without_flash'
    /usr/lib/ruby/1.8/action_controller/flash.rb:146:in `perform_action'
    /usr/lib/ruby/1.8/action_controller/base.rb:532:in `send'
    /usr/lib/ruby/1.8/action_controller/base.rb:532:in `process_without_filters'
    /usr/lib/ruby/1.8/action_controller/filters.rb:606:in `process'
    /usr/lib/ruby/1.8/action_controller/base.rb:391:in `process'
    /usr/lib/ruby/1.8/action_controller/base.rb:386:in `call'
    /usr/lib/ruby/1.8/action_controller/routing/route_set.rb:437:in `call'
    /usr/lib/ruby/1.8/action_controller/dispatcher.rb:87:in `dispatch'
    /usr/lib/ruby/1.8/action_controller/dispatcher.rb:121:in `_call'
    /usr/lib/ruby/1.8/action_controller/dispatcher.rb:130:in `build_middleware_stack'
    /usr/lib/ruby/1.8/active_record/query_cache.rb:29:in `call'
    /usr/lib/ruby/1.8/active_record/query_cache.rb:29:in `call'
    /usr/lib/ruby/1.8/active_record/connection_adapters/abstract/query_cache.rb:34:in `cache'
    /usr/lib/ruby/1.8/active_record/query_cache.rb:9:in `cache'
    /usr/lib/ruby/1.8/active_record/query_cache.rb:28:in `call'
    /usr/lib/ruby/1.8/active_record/connection_adapters/abstract/connection_pool.rb:361:in `call'
    /usr/lib/ruby/1.8/action_controller/string_coercion.rb:25:in `call'
    /usr/lib/ruby/1.8/rack/head.rb:9:in `call'
    /usr/lib/ruby/1.8/rack/methodoverride.rb:24:in `call'
    /usr/lib/ruby/1.8/action_controller/params_parser.rb:15:in `call'
    /usr/lib/ruby/1.8/action_controller/session/cookie_store.rb:93:in `call'
    /usr/lib/ruby/1.8/action_controller/failsafe.rb:26:in `call'
    /usr/lib/ruby/1.8/rack/lock.rb:11:in `call'
    /usr/lib/ruby/1.8/rack/lock.rb:11:in `synchronize'
    /usr/lib/ruby/1.8/rack/lock.rb:11:in `call'
    /usr/lib/ruby/1.8/action_controller/dispatcher.rb:114:in `call'
    /usr/lib/ruby/1.8/action_controller/reloader.rb:34:in `run'
    /usr/lib/ruby/1.8/action_controller/dispatcher.rb:108:in `call'
    /usr/lib/ruby/1.8/rack/urlmap.rb:47:in `call'
    /usr/lib/ruby/1.8/rack/urlmap.rb:41:in `each'
    /usr/lib/ruby/1.8/rack/urlmap.rb:41:in `call'
    /usr/lib/ruby/1.8/rack/content_length.rb:13:in `call'
    /usr/lib/ruby/1.8/rack/handler/webrick.rb:48:in `service'
    /usr/lib/ruby/1.8/webrick/httpserver.rb:104:in `service'
    /usr/lib/ruby/1.8/webrick/httpserver.rb:65:in `run'
    /usr/lib/ruby/1.8/webrick/server.rb:173:in `start_thread'
    /usr/lib/ruby/1.8/webrick/server.rb:162:in `start'
    /usr/lib/ruby/1.8/webrick/server.rb:162:in `start_thread'
    /usr/lib/ruby/1.8/webrick/server.rb:95:in `start'
    /usr/lib/ruby/1.8/webrick/server.rb:92:in `each'
    /usr/lib/ruby/1.8/webrick/server.rb:92:in `start'
    /usr/lib/ruby/1.8/webrick/server.rb:23:in `start'
    /usr/lib/ruby/1.8/webrick/server.rb:82:in `start'
    /usr/lib/ruby/1.8/rack/handler/webrick.rb:14:in `run'

Rendered rescues/_trace (34.6ms)
Rendered rescues/_request_and_response (2.1ms)
Rendering rescues/layout (internal_server_error)
